Determining if the pthread_create exist failed with the following output:
Change Dir: /home/karthiksv/catkin_ws/build/gazebo_ros/CMakeFiles/CMakeTmp

Run Build Command:"/usr/bin/make" "cmTC_1dfda/fast"
/usr/bin/make -f CMakeFiles/cmTC_1dfda.dir/build.make CMakeFiles/cmTC_1dfda.dir/build
make[1]: Entering directory '/home/karthiksv/catkin_ws/build/gazebo_ros/CMakeFiles/CMakeTmp'
Building C object CMakeFiles/cmTC_1dfda.dir/CheckSymbolExists.c.o
/usr/bin/cc    -o CMakeFiles/cmTC_1dfda.dir/CheckSymbolExists.c.o   -c /home/karthiksv/catkin_ws/build/gazebo_ros/CMakeFiles/CMakeTmp/CheckSymbolExists.c
Linking C executable cmTC_1dfda
/usr/bin/cmake -E cmake_link_script CMakeFiles/cmTC_1dfda.dir/link.txt --verbose=1
/usr/bin/cc      -rdynamic CMakeFiles/cmTC_1dfda.dir/CheckSymbolExists.c.o  -o cmTC_1dfda 
CMakeFiles/cmTC_1dfda.dir/CheckSymbolExists.c.o: In function `main':
CheckSymbolExists.c:(.text+0x1b): undefined reference to `pthread_create'
collect2: error: ld returned 1 exit status
CMakeFiles/cmTC_1dfda.dir/build.make:97: recipe for target 'cmTC_1dfda' failed
make[1]: *** [cmTC_1dfda] Error 1
make[1]: Leaving directory '/home/karthiksv/catkin_ws/build/gazebo_ros/CMakeFiles/CMakeTmp'
Makefile:126: recipe for target 'cmTC_1dfda/fast' failed
make: *** [cmTC_1dfda/fast] Error 2

File /home/karthiksv/catkin_ws/build/gazebo_ros/CMakeFiles/CMakeTmp/CheckSymbolExists.c:
/* */
#include <pthread.h>

int main(int argc, char** argv)
{
  (void)argv;
#ifndef pthread_create
  return ((int*)(&pthread_create))[argc];
#else
  (void)argc;
  return 0;
#endif
}

Determining if the function pthread_create exists in the pthreads failed with the following output:
Change Dir: /home/karthiksv/catkin_ws/build/gazebo_ros/CMakeFiles/CMakeTmp

Run Build Command:"/usr/bin/make" "cmTC_f4838/fast"
/usr/bin/make -f CMakeFiles/cmTC_f4838.dir/build.make CMakeFiles/cmTC_f4838.dir/build
make[1]: Entering directory '/home/karthiksv/catkin_ws/build/gazebo_ros/CMakeFiles/CMakeTmp'
Building C object CMakeFiles/cmTC_f4838.dir/CheckFunctionExists.c.o
/usr/bin/cc   -DCHECK_FUNCTION_EXISTS=pthread_create   -o CMakeFiles/cmTC_f4838.dir/CheckFunctionExists.c.o   -c /usr/share/cmake-3.10/Modules/CheckFunctionExists.c
Linking C executable cmTC_f4838
/usr/bin/cmake -E cmake_link_script CMakeFiles/cmTC_f4838.dir/link.txt --verbose=1
/usr/bin/cc  -DCHECK_FUNCTION_EXISTS=pthread_create    -rdynamic CMakeFiles/cmTC_f4838.dir/CheckFunctionExists.c.o  -o cmTC_f4838 -lpthreads 
/usr/bin/ld: cannot find -lpthreads
collect2: error: ld returned 1 exit status
CMakeFiles/cmTC_f4838.dir/build.make:97: recipe for target 'cmTC_f4838' failed
make[1]: *** [cmTC_f4838] Error 1
make[1]: Leaving directory '/home/karthiksv/catkin_ws/build/gazebo_ros/CMakeFiles/CMakeTmp'
Makefile:126: recipe for target 'cmTC_f4838/fast' failed
make: *** [cmTC_f4838/fast] Error 2


