Determining if the pthread_create exist failed with the following output:
Change Dir: /home/karthiksv/catkin_ws/build/ur3_moveit_config/CMakeFiles/CMakeTmp

Run Build Command:"/usr/bin/make" "cmTC_82497/fast"
/usr/bin/make -f CMakeFiles/cmTC_82497.dir/build.make CMakeFiles/cmTC_82497.dir/build
make[1]: Entering directory '/home/karthiksv/catkin_ws/build/ur3_moveit_config/CMakeFiles/CMakeTmp'
Building C object CMakeFiles/cmTC_82497.dir/CheckSymbolExists.c.o
/usr/bin/cc    -o CMakeFiles/cmTC_82497.dir/CheckSymbolExists.c.o   -c /home/karthiksv/catkin_ws/build/ur3_moveit_config/CMakeFiles/CMakeTmp/CheckSymbolExists.c
Linking C executable cmTC_82497
/usr/bin/cmake -E cmake_link_script CMakeFiles/cmTC_82497.dir/link.txt --verbose=1
/usr/bin/cc      -rdynamic CMakeFiles/cmTC_82497.dir/CheckSymbolExists.c.o  -o cmTC_82497 
CMakeFiles/cmTC_82497.dir/CheckSymbolExists.c.o: In function `main':
CheckSymbolExists.c:(.text+0x1b): undefined reference to `pthread_create'
collect2: error: ld returned 1 exit status
CMakeFiles/cmTC_82497.dir/build.make:97: recipe for target 'cmTC_82497' failed
make[1]: *** [cmTC_82497] Error 1
make[1]: Leaving directory '/home/karthiksv/catkin_ws/build/ur3_moveit_config/CMakeFiles/CMakeTmp'
Makefile:126: recipe for target 'cmTC_82497/fast' failed
make: *** [cmTC_82497/fast] Error 2

File /home/karthiksv/catkin_ws/build/ur3_moveit_config/CMakeFiles/CMakeTmp/CheckSymbolExists.c:
/* */
#include <pthread.h>

int main(int argc, char** argv)
{
  (void)argv;
#ifndef pthread_create
  return ((int*)(&pthread_create))[argc];
#else
  (void)argc;
  return 0;
#endif
}

Determining if the function pthread_create exists in the pthreads failed with the following output:
Change Dir: /home/karthiksv/catkin_ws/build/ur3_moveit_config/CMakeFiles/CMakeTmp

Run Build Command:"/usr/bin/make" "cmTC_47e74/fast"
/usr/bin/make -f CMakeFiles/cmTC_47e74.dir/build.make CMakeFiles/cmTC_47e74.dir/build
make[1]: Entering directory '/home/karthiksv/catkin_ws/build/ur3_moveit_config/CMakeFiles/CMakeTmp'
Building C object CMakeFiles/cmTC_47e74.dir/CheckFunctionExists.c.o
/usr/bin/cc   -DCHECK_FUNCTION_EXISTS=pthread_create   -o CMakeFiles/cmTC_47e74.dir/CheckFunctionExists.c.o   -c /usr/share/cmake-3.10/Modules/CheckFunctionExists.c
Linking C executable cmTC_47e74
/usr/bin/cmake -E cmake_link_script CMakeFiles/cmTC_47e74.dir/link.txt --verbose=1
/usr/bin/cc  -DCHECK_FUNCTION_EXISTS=pthread_create    -rdynamic CMakeFiles/cmTC_47e74.dir/CheckFunctionExists.c.o  -o cmTC_47e74 -lpthreads 
/usr/bin/ld: cannot find -lpthreads
collect2: error: ld returned 1 exit status
CMakeFiles/cmTC_47e74.dir/build.make:97: recipe for target 'cmTC_47e74' failed
make[1]: *** [cmTC_47e74] Error 1
make[1]: Leaving directory '/home/karthiksv/catkin_ws/build/ur3_moveit_config/CMakeFiles/CMakeTmp'
Makefile:126: recipe for target 'cmTC_47e74/fast' failed
make: *** [cmTC_47e74/fast] Error 2


