Determining if the pthread_create exist failed with the following output:
Change Dir: /home/karthiksv/catkin_ws/build/ur_e_description/CMakeFiles/CMakeTmp

Run Build Command:"/usr/bin/make" "cmTC_623ed/fast"
/usr/bin/make -f CMakeFiles/cmTC_623ed.dir/build.make CMakeFiles/cmTC_623ed.dir/build
make[1]: Entering directory '/home/karthiksv/catkin_ws/build/ur_e_description/CMakeFiles/CMakeTmp'
Building C object CMakeFiles/cmTC_623ed.dir/CheckSymbolExists.c.o
/usr/bin/cc    -o CMakeFiles/cmTC_623ed.dir/CheckSymbolExists.c.o   -c /home/karthiksv/catkin_ws/build/ur_e_description/CMakeFiles/CMakeTmp/CheckSymbolExists.c
Linking C executable cmTC_623ed
/usr/bin/cmake -E cmake_link_script CMakeFiles/cmTC_623ed.dir/link.txt --verbose=1
/usr/bin/cc      -rdynamic CMakeFiles/cmTC_623ed.dir/CheckSymbolExists.c.o  -o cmTC_623ed 
CMakeFiles/cmTC_623ed.dir/CheckSymbolExists.c.o: In function `main':
CheckSymbolExists.c:(.text+0x1b): undefined reference to `pthread_create'
collect2: error: ld returned 1 exit status
CMakeFiles/cmTC_623ed.dir/build.make:97: recipe for target 'cmTC_623ed' failed
make[1]: *** [cmTC_623ed] Error 1
make[1]: Leaving directory '/home/karthiksv/catkin_ws/build/ur_e_description/CMakeFiles/CMakeTmp'
Makefile:126: recipe for target 'cmTC_623ed/fast' failed
make: *** [cmTC_623ed/fast] Error 2

File /home/karthiksv/catkin_ws/build/ur_e_description/CMakeFiles/CMakeTmp/CheckSymbolExists.c:
/* */
#include <pthread.h>

int main(int argc, char** argv)
{
  (void)argv;
#ifndef pthread_create
  return ((int*)(&pthread_create))[argc];
#else
  (void)argc;
  return 0;
#endif
}

Determining if the function pthread_create exists in the pthreads failed with the following output:
Change Dir: /home/karthiksv/catkin_ws/build/ur_e_description/CMakeFiles/CMakeTmp

Run Build Command:"/usr/bin/make" "cmTC_2a512/fast"
/usr/bin/make -f CMakeFiles/cmTC_2a512.dir/build.make CMakeFiles/cmTC_2a512.dir/build
make[1]: Entering directory '/home/karthiksv/catkin_ws/build/ur_e_description/CMakeFiles/CMakeTmp'
Building C object CMakeFiles/cmTC_2a512.dir/CheckFunctionExists.c.o
/usr/bin/cc   -DCHECK_FUNCTION_EXISTS=pthread_create   -o CMakeFiles/cmTC_2a512.dir/CheckFunctionExists.c.o   -c /usr/share/cmake-3.10/Modules/CheckFunctionExists.c
Linking C executable cmTC_2a512
/usr/bin/cmake -E cmake_link_script CMakeFiles/cmTC_2a512.dir/link.txt --verbose=1
/usr/bin/cc  -DCHECK_FUNCTION_EXISTS=pthread_create    -rdynamic CMakeFiles/cmTC_2a512.dir/CheckFunctionExists.c.o  -o cmTC_2a512 -lpthreads 
/usr/bin/ld: cannot find -lpthreads
collect2: error: ld returned 1 exit status
CMakeFiles/cmTC_2a512.dir/build.make:97: recipe for target 'cmTC_2a512' failed
make[1]: *** [cmTC_2a512] Error 1
make[1]: Leaving directory '/home/karthiksv/catkin_ws/build/ur_e_description/CMakeFiles/CMakeTmp'
Makefile:126: recipe for target 'cmTC_2a512/fast' failed
make: *** [cmTC_2a512/fast] Error 2


