Determining if the pthread_create exist failed with the following output:
Change Dir: /home/karthiksv/catkin_ws/build/gazebo_msgs/CMakeFiles/CMakeTmp

Run Build Command:"/usr/bin/make" "cmTC_8787f/fast"
/usr/bin/make -f CMakeFiles/cmTC_8787f.dir/build.make CMakeFiles/cmTC_8787f.dir/build
make[1]: Entering directory '/home/karthiksv/catkin_ws/build/gazebo_msgs/CMakeFiles/CMakeTmp'
Building C object CMakeFiles/cmTC_8787f.dir/CheckSymbolExists.c.o
/usr/bin/cc    -o CMakeFiles/cmTC_8787f.dir/CheckSymbolExists.c.o   -c /home/karthiksv/catkin_ws/build/gazebo_msgs/CMakeFiles/CMakeTmp/CheckSymbolExists.c
Linking C executable cmTC_8787f
/usr/bin/cmake -E cmake_link_script CMakeFiles/cmTC_8787f.dir/link.txt --verbose=1
/usr/bin/cc      -rdynamic CMakeFiles/cmTC_8787f.dir/CheckSymbolExists.c.o  -o cmTC_8787f 
CMakeFiles/cmTC_8787f.dir/CheckSymbolExists.c.o: In function `main':
CheckSymbolExists.c:(.text+0x1b): undefined reference to `pthread_create'
collect2: error: ld returned 1 exit status
CMakeFiles/cmTC_8787f.dir/build.make:97: recipe for target 'cmTC_8787f' failed
make[1]: *** [cmTC_8787f] Error 1
make[1]: Leaving directory '/home/karthiksv/catkin_ws/build/gazebo_msgs/CMakeFiles/CMakeTmp'
Makefile:126: recipe for target 'cmTC_8787f/fast' failed
make: *** [cmTC_8787f/fast] Error 2

File /home/karthiksv/catkin_ws/build/gazebo_msgs/CMakeFiles/CMakeTmp/CheckSymbolExists.c:
/* */
#include <pthread.h>

int main(int argc, char** argv)
{
  (void)argv;
#ifndef pthread_create
  return ((int*)(&pthread_create))[argc];
#else
  (void)argc;
  return 0;
#endif
}

Determining if the function pthread_create exists in the pthreads failed with the following output:
Change Dir: /home/karthiksv/catkin_ws/build/gazebo_msgs/CMakeFiles/CMakeTmp

Run Build Command:"/usr/bin/make" "cmTC_130ae/fast"
/usr/bin/make -f CMakeFiles/cmTC_130ae.dir/build.make CMakeFiles/cmTC_130ae.dir/build
make[1]: Entering directory '/home/karthiksv/catkin_ws/build/gazebo_msgs/CMakeFiles/CMakeTmp'
Building C object CMakeFiles/cmTC_130ae.dir/CheckFunctionExists.c.o
/usr/bin/cc   -DCHECK_FUNCTION_EXISTS=pthread_create   -o CMakeFiles/cmTC_130ae.dir/CheckFunctionExists.c.o   -c /usr/share/cmake-3.10/Modules/CheckFunctionExists.c
Linking C executable cmTC_130ae
/usr/bin/cmake -E cmake_link_script CMakeFiles/cmTC_130ae.dir/link.txt --verbose=1
/usr/bin/cc  -DCHECK_FUNCTION_EXISTS=pthread_create    -rdynamic CMakeFiles/cmTC_130ae.dir/CheckFunctionExists.c.o  -o cmTC_130ae -lpthreads 
/usr/bin/ld: cannot find -lpthreads
collect2: error: ld returned 1 exit status
CMakeFiles/cmTC_130ae.dir/build.make:97: recipe for target 'cmTC_130ae' failed
make[1]: *** [cmTC_130ae] Error 1
make[1]: Leaving directory '/home/karthiksv/catkin_ws/build/gazebo_msgs/CMakeFiles/CMakeTmp'
Makefile:126: recipe for target 'cmTC_130ae/fast' failed
make: *** [cmTC_130ae/fast] Error 2


