Determining if the pthread_create exist failed with the following output:
Change Dir: /home/karthiksv/catkin_ws/build/pkg_vb_sim/CMakeFiles/CMakeTmp

Run Build Command:"/usr/bin/make" "cmTC_7ca8b/fast"
/usr/bin/make -f CMakeFiles/cmTC_7ca8b.dir/build.make CMakeFiles/cmTC_7ca8b.dir/build
make[1]: Entering directory '/home/karthiksv/catkin_ws/build/pkg_vb_sim/CMakeFiles/CMakeTmp'
Building C object CMakeFiles/cmTC_7ca8b.dir/CheckSymbolExists.c.o
/usr/bin/cc    -o CMakeFiles/cmTC_7ca8b.dir/CheckSymbolExists.c.o   -c /home/karthiksv/catkin_ws/build/pkg_vb_sim/CMakeFiles/CMakeTmp/CheckSymbolExists.c
Linking C executable cmTC_7ca8b
/usr/bin/cmake -E cmake_link_script CMakeFiles/cmTC_7ca8b.dir/link.txt --verbose=1
/usr/bin/cc      -rdynamic CMakeFiles/cmTC_7ca8b.dir/CheckSymbolExists.c.o  -o cmTC_7ca8b 
CMakeFiles/cmTC_7ca8b.dir/CheckSymbolExists.c.o: In function `main':
CheckSymbolExists.c:(.text+0x1b): undefined reference to `pthread_create'
collect2: error: ld returned 1 exit status
CMakeFiles/cmTC_7ca8b.dir/build.make:97: recipe for target 'cmTC_7ca8b' failed
make[1]: *** [cmTC_7ca8b] Error 1
make[1]: Leaving directory '/home/karthiksv/catkin_ws/build/pkg_vb_sim/CMakeFiles/CMakeTmp'
Makefile:126: recipe for target 'cmTC_7ca8b/fast' failed
make: *** [cmTC_7ca8b/fast] Error 2

File /home/karthiksv/catkin_ws/build/pkg_vb_sim/CMakeFiles/CMakeTmp/CheckSymbolExists.c:
/* */
#include <pthread.h>

int main(int argc, char** argv)
{
  (void)argv;
#ifndef pthread_create
  return ((int*)(&pthread_create))[argc];
#else
  (void)argc;
  return 0;
#endif
}

Determining if the function pthread_create exists in the pthreads failed with the following output:
Change Dir: /home/karthiksv/catkin_ws/build/pkg_vb_sim/CMakeFiles/CMakeTmp

Run Build Command:"/usr/bin/make" "cmTC_be224/fast"
/usr/bin/make -f CMakeFiles/cmTC_be224.dir/build.make CMakeFiles/cmTC_be224.dir/build
make[1]: Entering directory '/home/karthiksv/catkin_ws/build/pkg_vb_sim/CMakeFiles/CMakeTmp'
Building C object CMakeFiles/cmTC_be224.dir/CheckFunctionExists.c.o
/usr/bin/cc   -DCHECK_FUNCTION_EXISTS=pthread_create   -o CMakeFiles/cmTC_be224.dir/CheckFunctionExists.c.o   -c /usr/share/cmake-3.10/Modules/CheckFunctionExists.c
Linking C executable cmTC_be224
/usr/bin/cmake -E cmake_link_script CMakeFiles/cmTC_be224.dir/link.txt --verbose=1
/usr/bin/cc  -DCHECK_FUNCTION_EXISTS=pthread_create    -rdynamic CMakeFiles/cmTC_be224.dir/CheckFunctionExists.c.o  -o cmTC_be224 -lpthreads 
/usr/bin/ld: cannot find -lpthreads
collect2: error: ld returned 1 exit status
CMakeFiles/cmTC_be224.dir/build.make:97: recipe for target 'cmTC_be224' failed
make[1]: *** [cmTC_be224] Error 1
make[1]: Leaving directory '/home/karthiksv/catkin_ws/build/pkg_vb_sim/CMakeFiles/CMakeTmp'
Makefile:126: recipe for target 'cmTC_be224/fast' failed
make: *** [cmTC_be224/fast] Error 2


