Determining if the pthread_create exist failed with the following output:
Change Dir: /home/karthiksv/catkin_ws/build/ur_description/CMakeFiles/CMakeTmp

Run Build Command:"/usr/bin/make" "cmTC_cb28e/fast"
/usr/bin/make -f CMakeFiles/cmTC_cb28e.dir/build.make CMakeFiles/cmTC_cb28e.dir/build
make[1]: Entering directory '/home/karthiksv/catkin_ws/build/ur_description/CMakeFiles/CMakeTmp'
Building C object CMakeFiles/cmTC_cb28e.dir/CheckSymbolExists.c.o
/usr/bin/cc    -o CMakeFiles/cmTC_cb28e.dir/CheckSymbolExists.c.o   -c /home/karthiksv/catkin_ws/build/ur_description/CMakeFiles/CMakeTmp/CheckSymbolExists.c
Linking C executable cmTC_cb28e
/usr/bin/cmake -E cmake_link_script CMakeFiles/cmTC_cb28e.dir/link.txt --verbose=1
/usr/bin/cc      -rdynamic CMakeFiles/cmTC_cb28e.dir/CheckSymbolExists.c.o  -o cmTC_cb28e 
CMakeFiles/cmTC_cb28e.dir/CheckSymbolExists.c.o: In function `main':
CheckSymbolExists.c:(.text+0x1b): undefined reference to `pthread_create'
collect2: error: ld returned 1 exit status
CMakeFiles/cmTC_cb28e.dir/build.make:97: recipe for target 'cmTC_cb28e' failed
make[1]: *** [cmTC_cb28e] Error 1
make[1]: Leaving directory '/home/karthiksv/catkin_ws/build/ur_description/CMakeFiles/CMakeTmp'
Makefile:126: recipe for target 'cmTC_cb28e/fast' failed
make: *** [cmTC_cb28e/fast] Error 2

File /home/karthiksv/catkin_ws/build/ur_description/CMakeFiles/CMakeTmp/CheckSymbolExists.c:
/* */
#include <pthread.h>

int main(int argc, char** argv)
{
  (void)argv;
#ifndef pthread_create
  return ((int*)(&pthread_create))[argc];
#else
  (void)argc;
  return 0;
#endif
}

Determining if the function pthread_create exists in the pthreads failed with the following output:
Change Dir: /home/karthiksv/catkin_ws/build/ur_description/CMakeFiles/CMakeTmp

Run Build Command:"/usr/bin/make" "cmTC_5efa7/fast"
/usr/bin/make -f CMakeFiles/cmTC_5efa7.dir/build.make CMakeFiles/cmTC_5efa7.dir/build
make[1]: Entering directory '/home/karthiksv/catkin_ws/build/ur_description/CMakeFiles/CMakeTmp'
Building C object CMakeFiles/cmTC_5efa7.dir/CheckFunctionExists.c.o
/usr/bin/cc   -DCHECK_FUNCTION_EXISTS=pthread_create   -o CMakeFiles/cmTC_5efa7.dir/CheckFunctionExists.c.o   -c /usr/share/cmake-3.10/Modules/CheckFunctionExists.c
Linking C executable cmTC_5efa7
/usr/bin/cmake -E cmake_link_script CMakeFiles/cmTC_5efa7.dir/link.txt --verbose=1
/usr/bin/cc  -DCHECK_FUNCTION_EXISTS=pthread_create    -rdynamic CMakeFiles/cmTC_5efa7.dir/CheckFunctionExists.c.o  -o cmTC_5efa7 -lpthreads 
/usr/bin/ld: cannot find -lpthreads
collect2: error: ld returned 1 exit status
CMakeFiles/cmTC_5efa7.dir/build.make:97: recipe for target 'cmTC_5efa7' failed
make[1]: *** [cmTC_5efa7] Error 1
make[1]: Leaving directory '/home/karthiksv/catkin_ws/build/ur_description/CMakeFiles/CMakeTmp'
Makefile:126: recipe for target 'cmTC_5efa7/fast' failed
make: *** [cmTC_5efa7/fast] Error 2


