Linked: (/home/karthiksv/catkin_ws/devel/.private/pkg_vb_sim/share/common-lisp/ros/pkg_vb_sim/msg/_package_LogicalCameraImage.lisp, /home/karthiksv/catkin_ws/devel/share/common-lisp/ros/pkg_vb_sim/msg/_package_LogicalCameraImage.lisp)
Linked: (/home/karthiksv/catkin_ws/devel/.private/pkg_vb_sim/share/common-lisp/ros/pkg_vb_sim/msg/_package.lisp, /home/karthiksv/catkin_ws/devel/share/common-lisp/ros/pkg_vb_sim/msg/_package.lisp)
Linked: (/home/karthiksv/catkin_ws/devel/.private/pkg_vb_sim/share/common-lisp/ros/pkg_vb_sim/msg/LogicalCameraImage.lisp, /home/karthiksv/catkin_ws/devel/share/common-lisp/ros/pkg_vb_sim/msg/LogicalCameraImage.lisp)
Linked: (/home/karthiksv/catkin_ws/devel/.private/pkg_vb_sim/share/common-lisp/ros/pkg_vb_sim/msg/ConveyorBeltState.lisp, /home/karthiksv/catkin_ws/devel/share/common-lisp/ros/pkg_vb_sim/msg/ConveyorBeltState.lisp)
Linked: (/home/karthiksv/catkin_ws/devel/.private/pkg_vb_sim/share/common-lisp/ros/pkg_vb_sim/msg/Model.lisp, /home/karthiksv/catkin_ws/devel/share/common-lisp/ros/pkg_vb_sim/msg/Model.lisp)
Linked: (/home/karthiksv/catkin_ws/devel/.private/pkg_vb_sim/share/common-lisp/ros/pkg_vb_sim/msg/_package_ConveyorBeltState.lisp, /home/karthiksv/catkin_ws/devel/share/common-lisp/ros/pkg_vb_sim/msg/_package_ConveyorBeltState.lisp)
Linked: (/home/karthiksv/catkin_ws/devel/.private/pkg_vb_sim/share/common-lisp/ros/pkg_vb_sim/msg/_package_Model.lisp, /home/karthiksv/catkin_ws/devel/share/common-lisp/ros/pkg_vb_sim/msg/_package_Model.lisp)
Linked: (/home/karthiksv/catkin_ws/devel/.private/pkg_vb_sim/share/common-lisp/ros/pkg_vb_sim/msg/pkg_vb_sim-msg.asd, /home/karthiksv/catkin_ws/devel/share/common-lisp/ros/pkg_vb_sim/msg/pkg_vb_sim-msg.asd)
Linked: (/home/karthiksv/catkin_ws/devel/.private/pkg_vb_sim/share/common-lisp/ros/pkg_vb_sim/srv/conveyorBeltPowerMsg.lisp, /home/karthiksv/catkin_ws/devel/share/common-lisp/ros/pkg_vb_sim/srv/conveyorBeltPowerMsg.lisp)
Linked: (/home/karthiksv/catkin_ws/devel/.private/pkg_vb_sim/share/common-lisp/ros/pkg_vb_sim/srv/_package_ConveyorBeltControl.lisp, /home/karthiksv/catkin_ws/devel/share/common-lisp/ros/pkg_vb_sim/srv/_package_ConveyorBeltControl.lisp)
Linked: (/home/karthiksv/catkin_ws/devel/.private/pkg_vb_sim/share/common-lisp/ros/pkg_vb_sim/srv/pkg_vb_sim-srv.asd, /home/karthiksv/catkin_ws/devel/share/common-lisp/ros/pkg_vb_sim/srv/pkg_vb_sim-srv.asd)
Linked: (/home/karthiksv/catkin_ws/devel/.private/pkg_vb_sim/share/common-lisp/ros/pkg_vb_sim/srv/_package_vacuumGripper.lisp, /home/karthiksv/catkin_ws/devel/share/common-lisp/ros/pkg_vb_sim/srv/_package_vacuumGripper.lisp)
Linked: (/home/karthiksv/catkin_ws/devel/.private/pkg_vb_sim/share/common-lisp/ros/pkg_vb_sim/srv/_package.lisp, /home/karthiksv/catkin_ws/devel/share/common-lisp/ros/pkg_vb_sim/srv/_package.lisp)
Linked: (/home/karthiksv/catkin_ws/devel/.private/pkg_vb_sim/share/common-lisp/ros/pkg_vb_sim/srv/ConveyorBeltControl.lisp, /home/karthiksv/catkin_ws/devel/share/common-lisp/ros/pkg_vb_sim/srv/ConveyorBeltControl.lisp)
Linked: (/home/karthiksv/catkin_ws/devel/.private/pkg_vb_sim/share/common-lisp/ros/pkg_vb_sim/srv/_package_conveyorBeltPowerMsg.lisp, /home/karthiksv/catkin_ws/devel/share/common-lisp/ros/pkg_vb_sim/srv/_package_conveyorBeltPowerMsg.lisp)
Linked: (/home/karthiksv/catkin_ws/devel/.private/pkg_vb_sim/share/common-lisp/ros/pkg_vb_sim/srv/vacuumGripper.lisp, /home/karthiksv/catkin_ws/devel/share/common-lisp/ros/pkg_vb_sim/srv/vacuumGripper.lisp)
Linked: (/home/karthiksv/catkin_ws/devel/.private/pkg_vb_sim/share/pkg_vb_sim/cmake/pkg_vb_sim-msg-extras.cmake, /home/karthiksv/catkin_ws/devel/share/pkg_vb_sim/cmake/pkg_vb_sim-msg-extras.cmake)
Linked: (/home/karthiksv/catkin_ws/devel/.private/pkg_vb_sim/share/pkg_vb_sim/cmake/pkg_vb_simConfig-version.cmake, /home/karthiksv/catkin_ws/devel/share/pkg_vb_sim/cmake/pkg_vb_simConfig-version.cmake)
Linked: (/home/karthiksv/catkin_ws/devel/.private/pkg_vb_sim/share/pkg_vb_sim/cmake/pkg_vb_sim-msg-paths.cmake, /home/karthiksv/catkin_ws/devel/share/pkg_vb_sim/cmake/pkg_vb_sim-msg-paths.cmake)
Linked: (/home/karthiksv/catkin_ws/devel/.private/pkg_vb_sim/share/pkg_vb_sim/cmake/pkg_vb_simConfig.cmake, /home/karthiksv/catkin_ws/devel/share/pkg_vb_sim/cmake/pkg_vb_simConfig.cmake)
Linked: (/home/karthiksv/catkin_ws/devel/.private/pkg_vb_sim/share/gennodejs/ros/pkg_vb_sim/_index.js, /home/karthiksv/catkin_ws/devel/share/gennodejs/ros/pkg_vb_sim/_index.js)
Linked: (/home/karthiksv/catkin_ws/devel/.private/pkg_vb_sim/share/gennodejs/ros/pkg_vb_sim/msg/Model.js, /home/karthiksv/catkin_ws/devel/share/gennodejs/ros/pkg_vb_sim/msg/Model.js)
Linked: (/home/karthiksv/catkin_ws/devel/.private/pkg_vb_sim/share/gennodejs/ros/pkg_vb_sim/msg/LogicalCameraImage.js, /home/karthiksv/catkin_ws/devel/share/gennodejs/ros/pkg_vb_sim/msg/LogicalCameraImage.js)
Linked: (/home/karthiksv/catkin_ws/devel/.private/pkg_vb_sim/share/gennodejs/ros/pkg_vb_sim/msg/ConveyorBeltState.js, /home/karthiksv/catkin_ws/devel/share/gennodejs/ros/pkg_vb_sim/msg/ConveyorBeltState.js)
Linked: (/home/karthiksv/catkin_ws/devel/.private/pkg_vb_sim/share/gennodejs/ros/pkg_vb_sim/msg/_index.js, /home/karthiksv/catkin_ws/devel/share/gennodejs/ros/pkg_vb_sim/msg/_index.js)
Linked: (/home/karthiksv/catkin_ws/devel/.private/pkg_vb_sim/share/gennodejs/ros/pkg_vb_sim/srv/ConveyorBeltControl.js, /home/karthiksv/catkin_ws/devel/share/gennodejs/ros/pkg_vb_sim/srv/ConveyorBeltControl.js)
Linked: (/home/karthiksv/catkin_ws/devel/.private/pkg_vb_sim/share/gennodejs/ros/pkg_vb_sim/srv/conveyorBeltPowerMsg.js, /home/karthiksv/catkin_ws/devel/share/gennodejs/ros/pkg_vb_sim/srv/conveyorBeltPowerMsg.js)
Linked: (/home/karthiksv/catkin_ws/devel/.private/pkg_vb_sim/share/gennodejs/ros/pkg_vb_sim/srv/vacuumGripper.js, /home/karthiksv/catkin_ws/devel/share/gennodejs/ros/pkg_vb_sim/srv/vacuumGripper.js)
Linked: (/home/karthiksv/catkin_ws/devel/.private/pkg_vb_sim/share/gennodejs/ros/pkg_vb_sim/srv/_index.js, /home/karthiksv/catkin_ws/devel/share/gennodejs/ros/pkg_vb_sim/srv/_index.js)
Linked: (/home/karthiksv/catkin_ws/devel/.private/pkg_vb_sim/share/roseus/ros/pkg_vb_sim/manifest.l, /home/karthiksv/catkin_ws/devel/share/roseus/ros/pkg_vb_sim/manifest.l)
Linked: (/home/karthiksv/catkin_ws/devel/.private/pkg_vb_sim/share/roseus/ros/pkg_vb_sim/msg/Model.l, /home/karthiksv/catkin_ws/devel/share/roseus/ros/pkg_vb_sim/msg/Model.l)
Linked: (/home/karthiksv/catkin_ws/devel/.private/pkg_vb_sim/share/roseus/ros/pkg_vb_sim/msg/LogicalCameraImage.l, /home/karthiksv/catkin_ws/devel/share/roseus/ros/pkg_vb_sim/msg/LogicalCameraImage.l)
Linked: (/home/karthiksv/catkin_ws/devel/.private/pkg_vb_sim/share/roseus/ros/pkg_vb_sim/msg/ConveyorBeltState.l, /home/karthiksv/catkin_ws/devel/share/roseus/ros/pkg_vb_sim/msg/ConveyorBeltState.l)
Linked: (/home/karthiksv/catkin_ws/devel/.private/pkg_vb_sim/share/roseus/ros/pkg_vb_sim/srv/ConveyorBeltControl.l, /home/karthiksv/catkin_ws/devel/share/roseus/ros/pkg_vb_sim/srv/ConveyorBeltControl.l)
Linked: (/home/karthiksv/catkin_ws/devel/.private/pkg_vb_sim/share/roseus/ros/pkg_vb_sim/srv/vacuumGripper.l, /home/karthiksv/catkin_ws/devel/share/roseus/ros/pkg_vb_sim/srv/vacuumGripper.l)
Linked: (/home/karthiksv/catkin_ws/devel/.private/pkg_vb_sim/share/roseus/ros/pkg_vb_sim/srv/conveyorBeltPowerMsg.l, /home/karthiksv/catkin_ws/devel/share/roseus/ros/pkg_vb_sim/srv/conveyorBeltPowerMsg.l)
Linked: (/home/karthiksv/catkin_ws/devel/.private/pkg_vb_sim/lib/pkgconfig/pkg_vb_sim.pc, /home/karthiksv/catkin_ws/devel/lib/pkgconfig/pkg_vb_sim.pc)
Linked: (/home/karthiksv/catkin_ws/devel/.private/pkg_vb_sim/lib/python2.7/dist-packages/pkg_vb_sim/__init__.py, /home/karthiksv/catkin_ws/devel/lib/python2.7/dist-packages/pkg_vb_sim/__init__.py)
Linked: (/home/karthiksv/catkin_ws/devel/.private/pkg_vb_sim/lib/python2.7/dist-packages/pkg_vb_sim/msg/_LogicalCameraImage.py, /home/karthiksv/catkin_ws/devel/lib/python2.7/dist-packages/pkg_vb_sim/msg/_LogicalCameraImage.py)
Linked: (/home/karthiksv/catkin_ws/devel/.private/pkg_vb_sim/lib/python2.7/dist-packages/pkg_vb_sim/msg/_Model.py, /home/karthiksv/catkin_ws/devel/lib/python2.7/dist-packages/pkg_vb_sim/msg/_Model.py)
Linked: (/home/karthiksv/catkin_ws/devel/.private/pkg_vb_sim/lib/python2.7/dist-packages/pkg_vb_sim/msg/__init__.py, /home/karthiksv/catkin_ws/devel/lib/python2.7/dist-packages/pkg_vb_sim/msg/__init__.py)
Linked: (/home/karthiksv/catkin_ws/devel/.private/pkg_vb_sim/lib/python2.7/dist-packages/pkg_vb_sim/msg/_ConveyorBeltState.py, /home/karthiksv/catkin_ws/devel/lib/python2.7/dist-packages/pkg_vb_sim/msg/_ConveyorBeltState.py)
Linked: (/home/karthiksv/catkin_ws/devel/.private/pkg_vb_sim/lib/python2.7/dist-packages/pkg_vb_sim/srv/_ConveyorBeltControl.py, /home/karthiksv/catkin_ws/devel/lib/python2.7/dist-packages/pkg_vb_sim/srv/_ConveyorBeltControl.py)
Linked: (/home/karthiksv/catkin_ws/devel/.private/pkg_vb_sim/lib/python2.7/dist-packages/pkg_vb_sim/srv/_vacuumGripper.py, /home/karthiksv/catkin_ws/devel/lib/python2.7/dist-packages/pkg_vb_sim/srv/_vacuumGripper.py)
Linked: (/home/karthiksv/catkin_ws/devel/.private/pkg_vb_sim/lib/python2.7/dist-packages/pkg_vb_sim/srv/__init__.py, /home/karthiksv/catkin_ws/devel/lib/python2.7/dist-packages/pkg_vb_sim/srv/__init__.py)
Linked: (/home/karthiksv/catkin_ws/devel/.private/pkg_vb_sim/lib/python2.7/dist-packages/pkg_vb_sim/srv/_conveyorBeltPowerMsg.py, /home/karthiksv/catkin_ws/devel/lib/python2.7/dist-packages/pkg_vb_sim/srv/_conveyorBeltPowerMsg.py)
Linked: (/home/karthiksv/catkin_ws/devel/.private/pkg_vb_sim/include/pkg_vb_sim/conveyorBeltPowerMsg.h, /home/karthiksv/catkin_ws/devel/include/pkg_vb_sim/conveyorBeltPowerMsg.h)
Linked: (/home/karthiksv/catkin_ws/devel/.private/pkg_vb_sim/include/pkg_vb_sim/LogicalCameraImage.h, /home/karthiksv/catkin_ws/devel/include/pkg_vb_sim/LogicalCameraImage.h)
Linked: (/home/karthiksv/catkin_ws/devel/.private/pkg_vb_sim/include/pkg_vb_sim/vacuumGripper.h, /home/karthiksv/catkin_ws/devel/include/pkg_vb_sim/vacuumGripper.h)
Linked: (/home/karthiksv/catkin_ws/devel/.private/pkg_vb_sim/include/pkg_vb_sim/ConveyorBeltControl.h, /home/karthiksv/catkin_ws/devel/include/pkg_vb_sim/ConveyorBeltControl.h)
Linked: (/home/karthiksv/catkin_ws/devel/.private/pkg_vb_sim/include/pkg_vb_sim/conveyorBeltPowerMsgResponse.h, /home/karthiksv/catkin_ws/devel/include/pkg_vb_sim/conveyorBeltPowerMsgResponse.h)
Linked: (/home/karthiksv/catkin_ws/devel/.private/pkg_vb_sim/include/pkg_vb_sim/ConveyorBeltState.h, /home/karthiksv/catkin_ws/devel/include/pkg_vb_sim/ConveyorBeltState.h)
Linked: (/home/karthiksv/catkin_ws/devel/.private/pkg_vb_sim/include/pkg_vb_sim/ConveyorBeltControlResponse.h, /home/karthiksv/catkin_ws/devel/include/pkg_vb_sim/ConveyorBeltControlResponse.h)
Linked: (/home/karthiksv/catkin_ws/devel/.private/pkg_vb_sim/include/pkg_vb_sim/conveyorBeltPowerMsgRequest.h, /home/karthiksv/catkin_ws/devel/include/pkg_vb_sim/conveyorBeltPowerMsgRequest.h)
Linked: (/home/karthiksv/catkin_ws/devel/.private/pkg_vb_sim/include/pkg_vb_sim/vacuumGripperRequest.h, /home/karthiksv/catkin_ws/devel/include/pkg_vb_sim/vacuumGripperRequest.h)
Linked: (/home/karthiksv/catkin_ws/devel/.private/pkg_vb_sim/include/pkg_vb_sim/vacuumGripperResponse.h, /home/karthiksv/catkin_ws/devel/include/pkg_vb_sim/vacuumGripperResponse.h)
Linked: (/home/karthiksv/catkin_ws/devel/.private/pkg_vb_sim/include/pkg_vb_sim/ConveyorBeltControlRequest.h, /home/karthiksv/catkin_ws/devel/include/pkg_vb_sim/ConveyorBeltControlRequest.h)
Linked: (/home/karthiksv/catkin_ws/devel/.private/pkg_vb_sim/include/pkg_vb_sim/Model.h, /home/karthiksv/catkin_ws/devel/include/pkg_vb_sim/Model.h)
