Determining if the pthread_create exist failed with the following output:
Change Dir: /home/karthiksv/catkin_ws/build/pkg_ros_pkg_task1/CMakeFiles/CMakeTmp

Run Build Command:"/usr/bin/make" "cmTC_d07cb/fast"
/usr/bin/make -f CMakeFiles/cmTC_d07cb.dir/build.make CMakeFiles/cmTC_d07cb.dir/build
make[1]: Entering directory '/home/karthiksv/catkin_ws/build/pkg_ros_pkg_task1/CMakeFiles/CMakeTmp'
Building C object CMakeFiles/cmTC_d07cb.dir/CheckSymbolExists.c.o
/usr/bin/cc    -o CMakeFiles/cmTC_d07cb.dir/CheckSymbolExists.c.o   -c /home/karthiksv/catkin_ws/build/pkg_ros_pkg_task1/CMakeFiles/CMakeTmp/CheckSymbolExists.c
Linking C executable cmTC_d07cb
/usr/bin/cmake -E cmake_link_script CMakeFiles/cmTC_d07cb.dir/link.txt --verbose=1
/usr/bin/cc      -rdynamic CMakeFiles/cmTC_d07cb.dir/CheckSymbolExists.c.o  -o cmTC_d07cb 
CMakeFiles/cmTC_d07cb.dir/CheckSymbolExists.c.o: In function `main':
CheckSymbolExists.c:(.text+0x1b): undefined reference to `pthread_create'
collect2: error: ld returned 1 exit status
CMakeFiles/cmTC_d07cb.dir/build.make:97: recipe for target 'cmTC_d07cb' failed
make[1]: *** [cmTC_d07cb] Error 1
make[1]: Leaving directory '/home/karthiksv/catkin_ws/build/pkg_ros_pkg_task1/CMakeFiles/CMakeTmp'
Makefile:126: recipe for target 'cmTC_d07cb/fast' failed
make: *** [cmTC_d07cb/fast] Error 2

File /home/karthiksv/catkin_ws/build/pkg_ros_pkg_task1/CMakeFiles/CMakeTmp/CheckSymbolExists.c:
/* */
#include <pthread.h>

int main(int argc, char** argv)
{
  (void)argv;
#ifndef pthread_create
  return ((int*)(&pthread_create))[argc];
#else
  (void)argc;
  return 0;
#endif
}

Determining if the function pthread_create exists in the pthreads failed with the following output:
Change Dir: /home/karthiksv/catkin_ws/build/pkg_ros_pkg_task1/CMakeFiles/CMakeTmp

Run Build Command:"/usr/bin/make" "cmTC_ec67f/fast"
/usr/bin/make -f CMakeFiles/cmTC_ec67f.dir/build.make CMakeFiles/cmTC_ec67f.dir/build
make[1]: Entering directory '/home/karthiksv/catkin_ws/build/pkg_ros_pkg_task1/CMakeFiles/CMakeTmp'
Building C object CMakeFiles/cmTC_ec67f.dir/CheckFunctionExists.c.o
/usr/bin/cc   -DCHECK_FUNCTION_EXISTS=pthread_create   -o CMakeFiles/cmTC_ec67f.dir/CheckFunctionExists.c.o   -c /usr/share/cmake-3.10/Modules/CheckFunctionExists.c
Linking C executable cmTC_ec67f
/usr/bin/cmake -E cmake_link_script CMakeFiles/cmTC_ec67f.dir/link.txt --verbose=1
/usr/bin/cc  -DCHECK_FUNCTION_EXISTS=pthread_create    -rdynamic CMakeFiles/cmTC_ec67f.dir/CheckFunctionExists.c.o  -o cmTC_ec67f -lpthreads 
/usr/bin/ld: cannot find -lpthreads
collect2: error: ld returned 1 exit status
CMakeFiles/cmTC_ec67f.dir/build.make:97: recipe for target 'cmTC_ec67f' failed
make[1]: *** [cmTC_ec67f] Error 1
make[1]: Leaving directory '/home/karthiksv/catkin_ws/build/pkg_ros_pkg_task1/CMakeFiles/CMakeTmp'
Makefile:126: recipe for target 'cmTC_ec67f/fast' failed
make: *** [cmTC_ec67f/fast] Error 2


